======================================================================
EXPERIMENT CONFIGURATION
======================================================================
USE_CUTOUT = True
CUTOUT_SIZE = 8
USE_SILU = False
WARMUP_FRACTION = 0.23
======================================================================
------------------------------------------------------------------------------------------------------
|  run     |  epoch  |  train_loss  |  train_acc  |  val_acc  |  tta_val_acc  |  total_time_seconds  |
------------------------------------------------------------------------------------------------------
|       0  |      0  |      1.4922  |     0.6582  |   0.6158  |               |              7.7981  |
|          |      1  |      1.3574  |     0.7646  |   0.6728  |               |              8.2177  |
|          |      2  |      1.2764  |     0.7959  |   0.6982  |               |              8.6011  |
|          |      3  |      1.2305  |     0.8174  |   0.7908  |               |              8.9542  |
|          |      4  |      1.1660  |     0.8584  |   0.8392  |               |              9.3073  |
|          |      5  |      1.1426  |     0.8633  |   0.8680  |               |              9.6616  |
|          |      6  |      1.0918  |     0.9023  |   0.8869  |               |             10.0140  |
|          |      7  |      1.0605  |     0.9141  |   0.8926  |               |             10.3671  |
|          |      8  |      1.0400  |     0.9229  |   0.9162  |               |             10.7203  |
|          |      9  |      0.9990  |     0.9443  |   0.9277  |               |             11.0466  |
|          |   eval  |      0.9990  |     0.9443  |   0.9277  |       0.9352  |             11.1996  |
------------------------------------------------------------------------------------------------------
|       1  |      0  |      1.4912  |     0.6631  |   0.6729  |               |              0.3929  |
|          |      1  |      1.3145  |     0.7783  |   0.7223  |               |              0.7794  |
|          |      2  |      1.2871  |     0.7822  |   0.7392  |               |              1.1649  |
|          |      3  |      1.1670  |     0.8555  |   0.8282  |               |              1.5190  |
|          |      4  |      1.1631  |     0.8525  |   0.8043  |               |              1.8722  |
|          |      5  |      1.1572  |     0.8516  |   0.8334  |               |              2.2256  |
|          |      6  |      1.1133  |     0.8750  |   0.8119  |               |              2.5791  |
|          |      7  |      1.0977  |     0.8906  |   0.8818  |               |              2.9332  |
|          |      8  |      1.0244  |     0.9287  |   0.9184  |               |              3.2861  |
|          |      9  |      0.9946  |     0.9531  |   0.9280  |               |              3.6101  |
|          |   eval  |      0.9946  |     0.9531  |   0.9280  |       0.9373  |              3.7627  |
------------------------------------------------------------------------------------------------------
|       2  |      0  |      1.5391  |     0.6406  |   0.5661  |               |              0.4784  |
|          |      1  |      1.3389  |     0.7578  |   0.7452  |               |              0.8616  |
|          |      2  |      1.2432  |     0.8184  |   0.8020  |               |              1.2459  |
|          |      3  |      1.2139  |     0.8223  |   0.7603  |               |              1.5985  |
|          |      4  |      1.1904  |     0.8389  |   0.8507  |               |              1.9516  |
|          |      5  |      1.1250  |     0.8701  |   0.8654  |               |              2.3047  |
|          |      6  |      1.0996  |     0.8838  |   0.8739  |               |              2.6585  |
|          |      7  |      1.0742  |     0.8994  |   0.8872  |               |              3.0127  |
|          |      8  |      1.0244  |     0.9395  |   0.9147  |               |              3.3662  |
|          |      9  |      0.9941  |     0.9512  |   0.9286  |               |              3.6929  |
|          |   eval  |      0.9941  |     0.9512  |   0.9286  |       0.9370  |              3.8460  |
------------------------------------------------------------------------------------------------------
|       3  |      0  |      1.5146  |     0.6475  |   0.5908  |               |              0.3913  |
|          |      1  |      1.3467  |     0.7480  |   0.7424  |               |              0.7759  |
|          |      2  |      1.2432  |     0.8203  |   0.7812  |               |              1.1595  |
|          |      3  |      1.2178  |     0.8281  |   0.8007  |               |              1.5140  |
|          |      4  |      1.1670  |     0.8496  |   0.8382  |               |              1.8683  |
|          |      5  |      1.1592  |     0.8525  |   0.8699  |               |              2.2221  |
|          |      6  |      1.0986  |     0.8945  |   0.8797  |               |              2.5772  |
|          |      7  |      1.0693  |     0.9111  |   0.8923  |               |              2.9317  |
|          |      8  |      1.0156  |     0.9395  |   0.9135  |               |              3.2849  |
|          |      9  |      0.9941  |     0.9473  |   0.9282  |               |              3.6089  |
|          |   eval  |      0.9941  |     0.9473  |   0.9282  |       0.9341  |              3.7619  |
------------------------------------------------------------------------------------------------------
|       4  |      0  |      1.5146  |     0.6523  |   0.6097  |               |              0.3918  |
|          |      1  |      1.3096  |     0.7754  |   0.7392  |               |              0.7758  |
|          |      2  |      1.2305  |     0.8232  |   0.7723  |               |              1.1612  |
|          |      3  |      1.2100  |     0.8174  |   0.8161  |               |              1.5142  |
|          |      4  |      1.1689  |     0.8574  |   0.8533  |               |              1.8671  |
|          |      5  |      1.1494  |     0.8672  |   0.8037  |               |              2.2207  |
|          |      6  |      1.0898  |     0.8945  |   0.8561  |               |              2.5744  |
|          |      7  |      1.0889  |     0.8926  |   0.8945  |               |              2.9273  |
|          |      8  |      1.0322  |     0.9238  |   0.9142  |               |              3.2813  |
|          |      9  |      1.0010  |     0.9512  |   0.9260  |               |              3.6052  |
|          |   eval  |      1.0010  |     0.9512  |   0.9260  |       0.9335  |              3.7577  |
------------------------------------------------------------------------------------------------------
|       5  |      0  |      1.4707  |     0.6748  |   0.6797  |               |              0.3926  |
|          |      1  |      1.3174  |     0.7764  |   0.7802  |               |              0.7769  |
|          |      2  |      1.2715  |     0.7959  |   0.7505  |               |              1.1612  |
|          |      3  |      1.2178  |     0.8281  |   0.7800  |               |              1.5145  |
|          |      4  |      1.1836  |     0.8369  |   0.8370  |               |              1.8674  |
|          |      5  |      1.1123  |     0.8809  |   0.8501  |               |              2.2214  |
|          |      6  |      1.1152  |     0.8877  |   0.8857  |               |              2.5739  |
|          |      7  |      1.0684  |     0.9160  |   0.8720  |               |              2.9282  |
|          |      8  |      1.0244  |     0.9346  |   0.9191  |               |              3.2814  |
|          |      9  |      1.0010  |     0.9424  |   0.9286  |               |              3.6066  |
|          |   eval  |      1.0010  |     0.9424  |   0.9286  |       0.9355  |              3.7599  |
------------------------------------------------------------------------------------------------------
|       6  |      0  |      1.5049  |     0.6445  |   0.5798  |               |              0.3920  |
|          |      1  |      1.3223  |     0.7617  |   0.6728  |               |              0.7767  |
|          |      2  |      1.3125  |     0.7705  |   0.6057  |               |              1.1615  |
|          |      3  |      1.2197  |     0.8262  |   0.8336  |               |              1.5164  |
|          |      4  |      1.1846  |     0.8438  |   0.8623  |               |              1.8710  |
|          |      5  |      1.1348  |     0.8633  |   0.8514  |               |              2.2247  |
|          |      6  |      1.0986  |     0.8887  |   0.8616  |               |              2.5765  |
|          |      7  |      1.0488  |     0.9102  |   0.8913  |               |              2.9303  |
|          |      8  |      1.0195  |     0.9355  |   0.9206  |               |              3.2832  |
|          |      9  |      0.9966  |     0.9453  |   0.9284  |               |              3.6099  |
|          |   eval  |      0.9966  |     0.9453  |   0.9284  |       0.9338  |              3.7629  |
------------------------------------------------------------------------------------------------------
|       7  |      0  |      1.4893  |     0.6777  |   0.6039  |               |              0.4029  |
|          |      1  |      1.3438  |     0.7549  |   0.7131  |               |              0.7878  |
|          |      2  |      1.2793  |     0.7842  |   0.6640  |               |              1.1721  |
|          |      3  |      1.2217  |     0.8223  |   0.8040  |               |              1.5266  |
|          |      4  |      1.1982  |     0.8389  |   0.8399  |               |              1.8804  |
|          |      5  |      1.1465  |     0.8682  |   0.8052  |               |              2.2336  |
|          |      6  |      1.0918  |     0.8984  |   0.8739  |               |              2.5882  |
|          |      7  |      1.0576  |     0.9219  |   0.9057  |               |              2.9415  |
|          |      8  |      1.0205  |     0.9287  |   0.9060  |               |              3.2944  |
|          |      9  |      0.9863  |     0.9521  |   0.9300  |               |              3.6186  |
|          |   eval  |      0.9863  |     0.9521  |   0.9300  |       0.9370  |              3.7719  |
------------------------------------------------------------------------------------------------------
|       8  |      0  |      1.5361  |     0.6338  |   0.6219  |               |              0.3911  |
|          |      1  |      1.3467  |     0.7451  |   0.7370  |               |              0.7747  |
|          |      2  |      1.2285  |     0.8164  |   0.7473  |               |              1.1595  |
|          |      3  |      1.2256  |     0.8242  |   0.7484  |               |              1.5127  |
|          |      4  |      1.1758  |     0.8516  |   0.8440  |               |              1.8670  |
|          |      5  |      1.1543  |     0.8574  |   0.8150  |               |              2.2201  |
|          |      6  |      1.0889  |     0.9023  |   0.8891  |               |              2.5732  |
|          |      7  |      1.0918  |     0.9004  |   0.8838  |               |              2.9265  |
|          |      8  |      1.0439  |     0.9199  |   0.9143  |               |              3.2813  |
|          |      9  |      1.0127  |     0.9287  |   0.9286  |               |              3.6076  |
|          |   eval  |      1.0127  |     0.9287  |   0.9286  |       0.9326  |              3.7608  |
------------------------------------------------------------------------------------------------------
|       9  |      0  |      1.5273  |     0.6465  |   0.5543  |               |              0.3916  |
|          |      1  |      1.3320  |     0.7676  |   0.6922  |               |              0.7755  |
|          |      2  |      1.2627  |     0.7969  |   0.8066  |               |              1.1597  |
|          |      3  |      1.2764  |     0.7744  |   0.7554  |               |              1.5147  |
|          |      4  |      1.1699  |     0.8584  |   0.8450  |               |              1.8688  |
|          |      5  |      1.1416  |     0.8701  |   0.8579  |               |              2.2221  |
|          |      6  |      1.0693  |     0.9092  |   0.8850  |               |              2.5743  |
|          |      7  |      1.0762  |     0.9023  |   0.8883  |               |              2.9282  |
|          |      8  |      1.0176  |     0.9395  |   0.9149  |               |              3.2817  |
|          |      9  |      1.0020  |     0.9482  |   0.9254  |               |              3.6072  |
|          |   eval  |      1.0020  |     0.9482  |   0.9254  |       0.9340  |              3.7604  |
------------------------------------------------------------------------------------------------------
|      10  |      0  |      1.5166  |     0.6572  |   0.6383  |               |              0.4822  |
|          |      1  |      1.3535  |     0.7510  |   0.7152  |               |              0.8655  |
|          |      2  |      1.2480  |     0.8154  |   0.7734  |               |              1.2506  |
|          |      3  |      1.2266  |     0.8105  |   0.8177  |               |              1.6043  |
|          |      4  |      1.2012  |     0.8457  |   0.8423  |               |              1.9572  |
|          |      5  |      1.1396  |     0.8799  |   0.8534  |               |              2.3131  |
|          |      6  |      1.0947  |     0.8955  |   0.8720  |               |              2.6686  |
|          |      7  |      1.0664  |     0.9150  |   0.8921  |               |              3.0240  |
|          |      8  |      1.0195  |     0.9326  |   0.9167  |               |              3.3782  |
|          |      9  |      0.9937  |     0.9463  |   0.9302  |               |              3.7044  |
|          |   eval  |      0.9937  |     0.9463  |   0.9302  |       0.9361  |              3.8575  |
------------------------------------------------------------------------------------------------------
|      11  |      0  |      1.4766  |     0.6846  |   0.6071  |               |              0.4780  |
|          |      1  |      1.2969  |     0.7812  |   0.7706  |               |              0.8621  |
|          |      2  |      1.2500  |     0.8096  |   0.8135  |               |              1.2473  |
|          |      3  |      1.1846  |     0.8496  |   0.8217  |               |              1.6019  |
|          |      4  |      1.1816  |     0.8447  |   0.8425  |               |              1.9570  |
|          |      5  |      1.1729  |     0.8584  |   0.7620  |               |              2.3114  |
|          |      6  |      1.0771  |     0.9053  |   0.8466  |               |              2.6643  |
|          |      7  |      1.0859  |     0.8936  |   0.8961  |               |              3.0177  |
|          |      8  |      1.0205  |     0.9287  |   0.9204  |               |              3.3704  |
|          |      9  |      0.9810  |     0.9600  |   0.9313  |               |              3.6964  |
|          |   eval  |      0.9810  |     0.9600  |   0.9313  |       0.9358  |              3.8497  |
------------------------------------------------------------------------------------------------------
|      12  |      0  |      1.4678  |     0.6885  |   0.6556  |               |              0.3918  |
|          |      1  |      1.3516  |     0.7393  |   0.6888  |               |              0.7764  |
|          |      2  |      1.2627  |     0.7979  |   0.6996  |               |              1.1610  |
|          |      3  |      1.2031  |     0.8232  |   0.8175  |               |              1.5158  |
|          |      4  |      1.1719  |     0.8467  |   0.8215  |               |              1.8686  |
|          |      5  |      1.1465  |     0.8672  |   0.8541  |               |              2.2224  |
|          |      6  |      1.0996  |     0.8838  |   0.8544  |               |              2.5771  |
|          |      7  |      1.0693  |     0.8994  |   0.8939  |               |              2.9296  |
|          |      8  |      1.0264  |     0.9316  |   0.9166  |               |              3.2823  |
|          |      9  |      0.9971  |     0.9424  |   0.9271  |               |              3.6086  |
|          |   eval  |      0.9971  |     0.9424  |   0.9271  |       0.9345  |              3.7617  |
------------------------------------------------------------------------------------------------------
|      13  |      0  |      1.4678  |     0.6787  |   0.6604  |               |              0.3913  |
|          |      1  |      1.3682  |     0.7461  |   0.7288  |               |              0.7759  |
|          |      2  |      1.2959  |     0.7852  |   0.7719  |               |              1.1610  |
|          |      3  |      1.1904  |     0.8428  |   0.7692  |               |              1.5148  |
|          |      4  |      1.1748  |     0.8604  |   0.8505  |               |              1.8689  |
|          |      5  |      1.1514  |     0.8711  |   0.8592  |               |              2.2222  |
|          |      6  |      1.0801  |     0.9014  |   0.8838  |               |              2.5771  |
|          |      7  |      1.0791  |     0.9053  |   0.8892  |               |              2.9300  |
|          |      8  |      1.0303  |     0.9316  |   0.9175  |               |              3.2837  |
|          |      9  |      0.9810  |     0.9619  |   0.9302  |               |              3.6102  |
|          |   eval  |      0.9810  |     0.9619  |   0.9302  |       0.9354  |              3.7635  |
------------------------------------------------------------------------------------------------------
|      14  |      0  |      1.4922  |     0.6787  |   0.6836  |               |              0.3917  |
|          |      1  |      1.3115  |     0.7773  |   0.7319  |               |              0.7759  |
|          |      2  |      1.2705  |     0.7949  |   0.7567  |               |              1.1617  |
|          |      3  |      1.2012  |     0.8350  |   0.7708  |               |              1.5169  |
|          |      4  |      1.1865  |     0.8496  |   0.8532  |               |              1.8717  |
|          |      5  |      1.1230  |     0.8867  |   0.8648  |               |              2.2245  |
|          |      6  |      1.0947  |     0.8867  |   0.8683  |               |              2.5793  |
|          |      7  |      1.0615  |     0.9082  |   0.8842  |               |              2.9332  |
|          |      8  |      1.0195  |     0.9385  |   0.9186  |               |              3.2871  |
|          |      9  |      0.9946  |     0.9570  |   0.9299  |               |              3.6122  |
|          |   eval  |      0.9946  |     0.9570  |   0.9299  |       0.9377  |              3.7657  |
------------------------------------------------------------------------------------------------------
|      15  |      0  |      1.4727  |     0.6816  |   0.6386  |               |              0.3910  |
|          |      1  |      1.3086  |     0.7705  |   0.7661  |               |              0.7753  |
|          |      2  |      1.2471  |     0.8086  |   0.7467  |               |              1.1603  |
|          |      3  |      1.2402  |     0.8164  |   0.7827  |               |              1.5142  |
|          |      4  |      1.2031  |     0.8457  |   0.7833  |               |              1.8678  |
|          |      5  |      1.1426  |     0.8701  |   0.8368  |               |              2.2226  |
|          |      6  |      1.0820  |     0.8965  |   0.8844  |               |              2.5750  |
|          |      7  |      1.0664  |     0.9072  |   0.8920  |               |              2.9290  |
|          |      8  |      1.0420  |     0.9111  |   0.9166  |               |              3.2815  |
|          |      9  |      0.9697  |     0.9648  |   0.9311  |               |              3.6061  |
|          |   eval  |      0.9697  |     0.9648  |   0.9311  |       0.9354  |              3.7604  |
------------------------------------------------------------------------------------------------------
|      16  |      0  |      1.4805  |     0.6758  |   0.6570  |               |              0.3933  |
|          |      1  |      1.3506  |     0.7529  |   0.6652  |               |              0.7775  |
|          |      2  |      1.2754  |     0.7871  |   0.7910  |               |              1.1627  |
|          |      3  |      1.2236  |     0.8184  |   0.7204  |               |              1.5165  |
|          |      4  |      1.1875  |     0.8398  |   0.8192  |               |              1.8712  |
|          |      5  |      1.1230  |     0.8848  |   0.8370  |               |              2.2255  |
|          |      6  |      1.0928  |     0.8916  |   0.8767  |               |              2.5784  |
|          |      7  |      1.0654  |     0.9043  |   0.8953  |               |              2.9311  |
|          |      8  |      1.0469  |     0.9053  |   0.9169  |               |              3.2830  |
|          |      9  |      1.0059  |     0.9473  |   0.9276  |               |              3.6087  |
|          |   eval  |      1.0059  |     0.9473  |   0.9276  |       0.9360  |              3.7623  |
------------------------------------------------------------------------------------------------------
|      17  |      0  |      1.4795  |     0.6709  |   0.6276  |               |              0.3917  |
|          |      1  |      1.3447  |     0.7500  |   0.7716  |               |              0.7782  |
|          |      2  |      1.2734  |     0.7979  |   0.7697  |               |              1.1633  |
|          |      3  |      1.1836  |     0.8418  |   0.8361  |               |              1.5178  |
|          |      4  |      1.1943  |     0.8301  |   0.8352  |               |              1.8703  |
|          |      5  |      1.1514  |     0.8535  |   0.8246  |               |              2.2253  |
|          |      6  |      1.0879  |     0.9033  |   0.8724  |               |              2.5790  |
|          |      7  |      1.0596  |     0.9062  |   0.8995  |               |              2.9324  |
|          |      8  |      1.0293  |     0.9238  |   0.9161  |               |              3.2866  |
|          |      9  |      1.0010  |     0.9443  |   0.9279  |               |              3.6119  |
|          |   eval  |      1.0010  |     0.9443  |   0.9279  |       0.9356  |              3.7655  |
------------------------------------------------------------------------------------------------------
|      18  |      0  |      1.5000  |     0.6709  |   0.6538  |               |              0.3914  |
|          |      1  |      1.3027  |     0.7842  |   0.7592  |               |              0.7762  |
|          |      2  |      1.2412  |     0.8164  |   0.7958  |               |              1.1612  |
|          |      3  |      1.1865  |     0.8457  |   0.6402  |               |              1.5146  |
|          |      4  |      1.1777  |     0.8477  |   0.8436  |               |              1.8675  |
|          |      5  |      1.1484  |     0.8623  |   0.8441  |               |              2.2228  |
|          |      6  |      1.1211  |     0.8770  |   0.8914  |               |              2.5763  |
|          |      7  |      1.0664  |     0.9014  |   0.8904  |               |              2.9299  |
|          |      8  |      1.0283  |     0.9268  |   0.9171  |               |              3.2838  |
|          |      9  |      0.9985  |     0.9424  |   0.9277  |               |              3.6087  |
|          |   eval  |      0.9985  |     0.9424  |   0.9277  |       0.9355  |              3.7623  |
------------------------------------------------------------------------------------------------------
|      19  |      0  |      1.5273  |     0.6582  |   0.6224  |               |              0.3926  |
|          |      1  |      1.3623  |     0.7393  |   0.6294  |               |              0.7768  |
|          |      2  |      1.2637  |     0.7832  |   0.7453  |               |              1.1630  |
|          |      3  |      1.2168  |     0.8291  |   0.8255  |               |              1.5182  |
|          |      4  |      1.1963  |     0.8369  |   0.8440  |               |              1.8710  |
|          |      5  |      1.1582  |     0.8564  |   0.8438  |               |              2.2253  |
|          |      6  |      1.1055  |     0.8750  |   0.8660  |               |              2.5792  |
|          |      7  |      1.0752  |     0.9062  |   0.8857  |               |              2.9346  |
|          |      8  |      1.0410  |     0.9248  |   0.9113  |               |              3.2875  |
|          |      9  |      0.9878  |     0.9502  |   0.9281  |               |              3.6121  |
|          |   eval  |      0.9878  |     0.9502  |   0.9281  |       0.9356  |              3.7658  |
------------------------------------------------------------------------------------------------------
|      20  |      0  |      1.4971  |     0.6787  |   0.6318  |               |              0.4774  |
|          |      1  |      1.3320  |     0.7656  |   0.6928  |               |              0.8634  |
|          |      2  |      1.2549  |     0.8125  |   0.8143  |               |              1.2478  |
|          |      3  |      1.2148  |     0.8271  |   0.7956  |               |              1.6015  |
|          |      4  |      1.1748  |     0.8564  |   0.8219  |               |              1.9554  |
|          |      5  |      1.1221  |     0.8828  |   0.8440  |               |              2.3101  |
|          |      6  |      1.0830  |     0.8984  |   0.8800  |               |              2.6644  |
|          |      7  |      1.0762  |     0.8984  |   0.8922  |               |              3.0193  |
|          |      8  |      1.0488  |     0.9150  |   0.9113  |               |              3.3727  |
|          |      9  |      0.9897  |     0.9561  |   0.9264  |               |              3.6972  |
|          |   eval  |      0.9897  |     0.9561  |   0.9264  |       0.9329  |              3.8503  |
------------------------------------------------------------------------------------------------------
|      21  |      0  |      1.5195  |     0.6543  |   0.5559  |               |              0.3914  |
|          |      1  |      1.3330  |     0.7734  |   0.7476  |               |              0.7763  |
|          |      2  |      1.2529  |     0.8018  |   0.8014  |               |              1.1614  |
|          |      3  |      1.2432  |     0.8076  |   0.7033  |               |              1.5158  |
|          |      4  |      1.2012  |     0.8369  |   0.8425  |               |              1.8686  |
|          |      5  |      1.1475  |     0.8643  |   0.8558  |               |              2.2216  |
|          |      6  |      1.0879  |     0.8848  |   0.8687  |               |              2.5767  |
|          |      7  |      1.0928  |     0.8887  |   0.8962  |               |              2.9302  |
|          |      8  |      1.0146  |     0.9424  |   0.9190  |               |              3.2849  |
|          |      9  |      0.9946  |     0.9404  |   0.9288  |               |              3.6109  |
|          |   eval  |      0.9946  |     0.9404  |   0.9288  |       0.9356  |              3.7646  |
------------------------------------------------------------------------------------------------------
|      22  |      0  |      1.5273  |     0.6533  |   0.5679  |               |              0.3917  |
|          |      1  |      1.3291  |     0.7764  |   0.7227  |               |              0.7753  |
|          |      2  |      1.2402  |     0.8086  |   0.7168  |               |              1.1597  |
|          |      3  |      1.1982  |     0.8320  |   0.7727  |               |              1.5150  |
|          |      4  |      1.1602  |     0.8525  |   0.8536  |               |              1.8694  |
|          |      5  |      1.1201  |     0.8770  |   0.8405  |               |              2.2242  |
|          |      6  |      1.1113  |     0.8701  |   0.8809  |               |              2.5785  |
|          |      7  |      1.0781  |     0.9062  |   0.8920  |               |              2.9327  |
|          |      8  |      1.0234  |     0.9297  |   0.9053  |               |              3.2875  |
|          |      9  |      0.9956  |     0.9443  |   0.9294  |               |              3.6131  |
|          |   eval  |      0.9956  |     0.9443  |   0.9294  |       0.9360  |              3.7662  |
------------------------------------------------------------------------------------------------------
|      23  |      0  |      1.5645  |     0.6074  |   0.5768  |               |              0.3917  |
|          |      1  |      1.3398  |     0.7578  |   0.7572  |               |              0.7778  |
|          |      2  |      1.2578  |     0.8018  |   0.7592  |               |              1.1622  |
|          |      3  |      1.2070  |     0.8242  |   0.7934  |               |              1.5173  |
|          |      4  |      1.1689  |     0.8652  |   0.8157  |               |              1.8699  |
|          |      5  |      1.1641  |     0.8496  |   0.8359  |               |              2.2227  |
|          |      6  |      1.0762  |     0.9062  |   0.8944  |               |              2.5764  |
|          |      7  |      1.0625  |     0.9150  |   0.9039  |               |              2.9312  |
|          |      8  |      1.0293  |     0.9287  |   0.9194  |               |              3.2834  |
|          |      9  |      0.9888  |     0.9590  |   0.9291  |               |              3.6093  |
|          |   eval  |      0.9888  |     0.9590  |   0.9291  |       0.9351  |              3.7635  |
------------------------------------------------------------------------------------------------------
|      24  |      0  |      1.5215  |     0.6514  |   0.5929  |               |              0.3916  |
|          |      1  |      1.3740  |     0.7363  |   0.7085  |               |              0.7760  |
|          |      2  |      1.2812  |     0.7822  |   0.7930  |               |              1.1617  |
|          |      3  |      1.2002  |     0.8330  |   0.7407  |               |              1.5164  |
|          |      4  |      1.1768  |     0.8311  |   0.8474  |               |              1.8697  |
|          |      5  |      1.1719  |     0.8467  |   0.8550  |               |              2.2231  |
|          |      6  |      1.0967  |     0.8916  |   0.8757  |               |              2.5776  |
|          |      7  |      1.0781  |     0.9082  |   0.8839  |               |              2.9317  |
|          |      8  |      1.0225  |     0.9463  |   0.9178  |               |              3.2837  |
|          |      9  |      0.9951  |     0.9482  |   0.9287  |               |              3.6099  |
|          |   eval  |      0.9951  |     0.9482  |   0.9287  |       0.9343  |              3.7633  |
------------------------------------------------------------------------------------------------------
Mean: 0.9353    Std: 0.0013
/workspace/ese5060/ese-3060-project/logs/9ae42d42-31e0-4af8-b7aa-0524c7cf8e57/log.pt
