======================================================================
EXPERIMENT CONFIGURATION
======================================================================
USE_CUTOUT = False
CUTOUT_SIZE = 8
USE_SILU = True
WARMUP_FRACTION = 0.23
======================================================================
------------------------------------------------------------------------------------------------------
|  run     |  epoch  |  train_loss  |  train_acc  |  val_acc  |  tta_val_acc  |  total_time_seconds  |
------------------------------------------------------------------------------------------------------
|       0  |      0  |      1.4570  |     0.6816  |   0.6091  |               |              7.4250  |
|          |      1  |      1.2588  |     0.8057  |   0.7522  |               |              7.8074  |
|          |      2  |      1.1934  |     0.8516  |   0.7731  |               |              8.1866  |
|          |      3  |      1.1709  |     0.8574  |   0.8201  |               |              8.5354  |
|          |      4  |      1.1504  |     0.8691  |   0.8539  |               |              8.8833  |
|          |      5  |      1.0996  |     0.8955  |   0.8486  |               |              9.2322  |
|          |      6  |      1.0732  |     0.8965  |   0.8987  |               |              9.5801  |
|          |      7  |      1.0195  |     0.9346  |   0.9013  |               |              9.9285  |
|          |      8  |      0.9683  |     0.9746  |   0.9225  |               |             10.2766  |
|          |      9  |      0.9536  |     0.9746  |   0.9323  |               |             10.5971  |
|          |   eval  |      0.9536  |     0.9746  |   0.9323  |       0.9406  |             10.7499  |
------------------------------------------------------------------------------------------------------
|       1  |      0  |      1.4150  |     0.7139  |   0.6805  |               |              0.3887  |
|          |      1  |      1.3262  |     0.7734  |   0.6428  |               |              0.7685  |
|          |      2  |      1.2256  |     0.8213  |   0.7167  |               |              1.1477  |
|          |      3  |      1.1660  |     0.8604  |   0.8232  |               |              1.4962  |
|          |      4  |      1.1006  |     0.8975  |   0.8295  |               |              1.8449  |
|          |      5  |      1.0859  |     0.8926  |   0.8796  |               |              2.1938  |
|          |      6  |      1.0654  |     0.9150  |   0.8792  |               |              2.5424  |
|          |      7  |      1.0459  |     0.9170  |   0.8874  |               |              2.8922  |
|          |      8  |      0.9751  |     0.9609  |   0.9211  |               |              3.2404  |
|          |      9  |      0.9517  |     0.9717  |   0.9321  |               |              3.5631  |
|          |   eval  |      0.9517  |     0.9717  |   0.9321  |       0.9390  |              3.7159  |
------------------------------------------------------------------------------------------------------
|       2  |      0  |      1.4336  |     0.7090  |   0.6648  |               |              0.3914  |
|          |      1  |      1.2939  |     0.7871  |   0.7270  |               |              0.7711  |
|          |      2  |      1.2041  |     0.8428  |   0.7666  |               |              1.1499  |
|          |      3  |      1.1504  |     0.8721  |   0.8493  |               |              1.4984  |
|          |      4  |      1.1113  |     0.8916  |   0.8404  |               |              1.8475  |
|          |      5  |      1.1191  |     0.8750  |   0.8459  |               |              2.1962  |
|          |      6  |      1.0645  |     0.9170  |   0.8619  |               |              2.5452  |
|          |      7  |      1.0283  |     0.9229  |   0.9058  |               |              2.8944  |
|          |      8  |      0.9795  |     0.9561  |   0.9211  |               |              3.2433  |
|          |      9  |      0.9487  |     0.9717  |   0.9337  |               |              3.5643  |
|          |   eval  |      0.9487  |     0.9717  |   0.9337  |       0.9421  |              3.7183  |
------------------------------------------------------------------------------------------------------
|       3  |      0  |      1.4619  |     0.6689  |   0.6274  |               |              0.3875  |
|          |      1  |      1.3115  |     0.7803  |   0.6299  |               |              0.7677  |
|          |      2  |      1.2217  |     0.8320  |   0.7922  |               |              1.1472  |
|          |      3  |      1.1602  |     0.8662  |   0.8133  |               |              1.4973  |
|          |      4  |      1.1504  |     0.8672  |   0.8478  |               |              1.8464  |
|          |      5  |      1.0957  |     0.8896  |   0.8305  |               |              2.1964  |
|          |      6  |      1.0381  |     0.9189  |   0.8737  |               |              2.5459  |
|          |      7  |      1.0205  |     0.9365  |   0.9078  |               |              2.8950  |
|          |      8  |      0.9854  |     0.9580  |   0.9262  |               |              3.2438  |
|          |      9  |      0.9512  |     0.9668  |   0.9303  |               |              3.5657  |
|          |   eval  |      0.9512  |     0.9668  |   0.9303  |       0.9408  |              3.7185  |
------------------------------------------------------------------------------------------------------
|       4  |      0  |      1.5039  |     0.6699  |   0.6366  |               |              0.4739  |
|          |      1  |      1.3486  |     0.7568  |   0.7205  |               |              0.8534  |
|          |      2  |      1.2480  |     0.8213  |   0.7304  |               |              1.2328  |
|          |      3  |      1.2021  |     0.8330  |   0.7547  |               |              1.5815  |
|          |      4  |      1.1270  |     0.8828  |   0.8276  |               |              1.9305  |
|          |      5  |      1.1123  |     0.8906  |   0.8612  |               |              2.2790  |
|          |      6  |      1.0342  |     0.9277  |   0.8781  |               |              2.6287  |
|          |      7  |      1.0205  |     0.9355  |   0.9029  |               |              2.9787  |
|          |      8  |      0.9697  |     0.9658  |   0.9182  |               |              3.3277  |
|          |      9  |      0.9434  |     0.9805  |   0.9331  |               |              3.6493  |
|          |   eval  |      0.9434  |     0.9805  |   0.9331  |       0.9402  |              3.8027  |
------------------------------------------------------------------------------------------------------
|       5  |      0  |      1.4453  |     0.6992  |   0.6614  |               |              0.4180  |
|          |      1  |      1.2949  |     0.7891  |   0.7763  |               |              0.7979  |
|          |      2  |      1.2070  |     0.8320  |   0.7446  |               |              1.1778  |
|          |      3  |      1.1777  |     0.8467  |   0.8049  |               |              1.5269  |
|          |      4  |      1.1299  |     0.8701  |   0.8233  |               |              1.8764  |
|          |      5  |      1.0742  |     0.9131  |   0.8704  |               |              2.2260  |
|          |      6  |      1.0459  |     0.9160  |   0.8850  |               |              2.5754  |
|          |      7  |      1.0254  |     0.9375  |   0.9034  |               |              2.9249  |
|          |      8  |      0.9810  |     0.9551  |   0.9180  |               |              3.2746  |
|          |      9  |      0.9434  |     0.9775  |   0.9319  |               |              3.5969  |
|          |   eval  |      0.9434  |     0.9775  |   0.9319  |       0.9387  |              3.7493  |
------------------------------------------------------------------------------------------------------
|       6  |      0  |      1.4512  |     0.6992  |   0.6284  |               |              0.4720  |
|          |      1  |      1.2539  |     0.8154  |   0.6274  |               |              0.8510  |
|          |      2  |      1.2500  |     0.8145  |   0.6990  |               |              1.2319  |
|          |      3  |      1.1865  |     0.8350  |   0.8026  |               |              1.5829  |
|          |      4  |      1.1416  |     0.8672  |   0.8672  |               |              1.9320  |
|          |      5  |      1.0938  |     0.8877  |   0.8527  |               |              2.2811  |
|          |      6  |      1.0508  |     0.9199  |   0.8958  |               |              2.6323  |
|          |      7  |      1.0176  |     0.9375  |   0.8963  |               |              2.9818  |
|          |      8  |      0.9858  |     0.9463  |   0.9188  |               |              3.3317  |
|          |      9  |      0.9395  |     0.9834  |   0.9323  |               |              3.6520  |
|          |   eval  |      0.9395  |     0.9834  |   0.9323  |       0.9399  |              3.8056  |
------------------------------------------------------------------------------------------------------
|       7  |      0  |      1.4678  |     0.6914  |   0.6512  |               |              0.3878  |
|          |      1  |      1.2764  |     0.7959  |   0.7483  |               |              0.7693  |
|          |      2  |      1.2139  |     0.8359  |   0.6378  |               |              1.1488  |
|          |      3  |      1.1602  |     0.8643  |   0.8204  |               |              1.4988  |
|          |      4  |      1.1484  |     0.8672  |   0.8394  |               |              1.8484  |
|          |      5  |      1.0801  |     0.9102  |   0.8711  |               |              2.1976  |
|          |      6  |      1.0576  |     0.9092  |   0.8905  |               |              2.5475  |
|          |      7  |      1.0234  |     0.9385  |   0.8953  |               |              2.8976  |
|          |      8  |      0.9683  |     0.9600  |   0.9183  |               |              3.2471  |
|          |      9  |      0.9414  |     0.9824  |   0.9312  |               |              3.5694  |
|          |   eval  |      0.9414  |     0.9824  |   0.9312  |       0.9377  |              3.7222  |
------------------------------------------------------------------------------------------------------
|       8  |      0  |      1.4277  |     0.7070  |   0.6873  |               |              0.3872  |
|          |      1  |      1.3369  |     0.7686  |   0.4442  |               |              0.7672  |
|          |      2  |      1.2217  |     0.8340  |   0.7966  |               |              1.1477  |
|          |      3  |      1.1230  |     0.8828  |   0.8259  |               |              1.4975  |
|          |      4  |      1.1602  |     0.8467  |   0.8555  |               |              1.8463  |
|          |      5  |      1.1016  |     0.8867  |   0.8693  |               |              2.1960  |
|          |      6  |      1.0371  |     0.9199  |   0.8713  |               |              2.5458  |
|          |      7  |      1.0439  |     0.9180  |   0.8945  |               |              2.8963  |
|          |      8  |      0.9746  |     0.9590  |   0.9224  |               |              3.2460  |
|          |      9  |      0.9458  |     0.9785  |   0.9297  |               |              3.5671  |
|          |   eval  |      0.9458  |     0.9785  |   0.9297  |       0.9381  |              3.7210  |
------------------------------------------------------------------------------------------------------
|       9  |      0  |      1.4209  |     0.7256  |   0.6316  |               |              0.3886  |
|          |      1  |      1.2930  |     0.7881  |   0.6747  |               |              0.7684  |
|          |      2  |      1.2295  |     0.8271  |   0.7602  |               |              1.1491  |
|          |      3  |      1.1484  |     0.8604  |   0.8392  |               |              1.4997  |
|          |      4  |      1.1426  |     0.8701  |   0.8414  |               |              1.8491  |
|          |      5  |      1.1006  |     0.9014  |   0.8716  |               |              2.1989  |
|          |      6  |      1.0547  |     0.9219  |   0.8902  |               |              2.5485  |
|          |      7  |      1.0488  |     0.9199  |   0.8872  |               |              2.8988  |
|          |      8  |      0.9756  |     0.9658  |   0.9204  |               |              3.2481  |
|          |      9  |      0.9478  |     0.9766  |   0.9320  |               |              3.5696  |
|          |   eval  |      0.9478  |     0.9766  |   0.9320  |       0.9389  |              3.7237  |
------------------------------------------------------------------------------------------------------
|      10  |      0  |      1.4629  |     0.7080  |   0.6663  |               |              0.4683  |
|          |      1  |      1.2656  |     0.8027  |   0.7078  |               |              0.8489  |
|          |      2  |      1.1836  |     0.8477  |   0.7931  |               |              1.2296  |
|          |      3  |      1.1504  |     0.8691  |   0.8432  |               |              1.5803  |
|          |      4  |      1.1455  |     0.8633  |   0.8054  |               |              1.9279  |
|          |      5  |      1.1084  |     0.8848  |   0.8531  |               |              2.2803  |
|          |      6  |      1.0498  |     0.9102  |   0.8913  |               |              2.6306  |
|          |      7  |      1.0576  |     0.9102  |   0.8877  |               |              2.9801  |
|          |      8  |      0.9849  |     0.9570  |   0.9220  |               |              3.3302  |
|          |      9  |      0.9380  |     0.9805  |   0.9329  |               |              3.6514  |
|          |   eval  |      0.9380  |     0.9805  |   0.9329  |       0.9384  |              3.8044  |
------------------------------------------------------------------------------------------------------
|      11  |      0  |      1.5098  |     0.6377  |   0.6396  |               |              0.3864  |
|          |      1  |      1.3506  |     0.7500  |   0.6961  |               |              0.7657  |
|          |      2  |      1.2070  |     0.8447  |   0.7599  |               |              1.1465  |
|          |      3  |      1.1611  |     0.8623  |   0.7907  |               |              1.4968  |
|          |      4  |      1.1094  |     0.8857  |   0.8749  |               |              1.8463  |
|          |      5  |      1.0977  |     0.8945  |   0.8079  |               |              2.1953  |
|          |      6  |      1.0371  |     0.9277  |   0.8946  |               |              2.5453  |
|          |      7  |      1.0244  |     0.9287  |   0.8937  |               |              2.8946  |
|          |      8  |      0.9736  |     0.9648  |   0.9235  |               |              3.2440  |
|          |      9  |      0.9497  |     0.9756  |   0.9349  |               |              3.5652  |
|          |   eval  |      0.9497  |     0.9756  |   0.9349  |       0.9421  |              3.7184  |
------------------------------------------------------------------------------------------------------
|      12  |      0  |      1.4570  |     0.6943  |   0.7010  |               |              0.3874  |
|          |      1  |      1.2617  |     0.8076  |   0.7984  |               |              0.7676  |
|          |      2  |      1.2236  |     0.8359  |   0.8074  |               |              1.1477  |
|          |      3  |      1.1562  |     0.8691  |   0.8372  |               |              1.4991  |
|          |      4  |      1.1357  |     0.8760  |   0.8390  |               |              1.8476  |
|          |      5  |      1.1055  |     0.8965  |   0.8109  |               |              2.1969  |
|          |      6  |      1.0537  |     0.9219  |   0.8844  |               |              2.5472  |
|          |      7  |      1.0283  |     0.9287  |   0.8988  |               |              2.8974  |
|          |      8  |      0.9922  |     0.9512  |   0.9203  |               |              3.2463  |
|          |      9  |      0.9502  |     0.9717  |   0.9322  |               |              3.5685  |
|          |   eval  |      0.9502  |     0.9717  |   0.9322  |       0.9405  |              3.7220  |
------------------------------------------------------------------------------------------------------
|      13  |      0  |      1.4580  |     0.6934  |   0.6971  |               |              0.4769  |
|          |      1  |      1.3662  |     0.7510  |   0.7099  |               |              0.8570  |
|          |      2  |      1.2148  |     0.8281  |   0.8103  |               |              1.2367  |
|          |      3  |      1.1748  |     0.8613  |   0.7508  |               |              1.5862  |
|          |      4  |      1.1631  |     0.8516  |   0.8273  |               |              1.9354  |
|          |      5  |      1.1162  |     0.8867  |   0.8368  |               |              2.2863  |
|          |      6  |      1.0459  |     0.9209  |   0.8872  |               |              2.6347  |
|          |      7  |      1.0312  |     0.9287  |   0.8995  |               |              2.9851  |
|          |      8  |      0.9795  |     0.9600  |   0.9175  |               |              3.3340  |
|          |      9  |      0.9482  |     0.9727  |   0.9322  |               |              3.6556  |
|          |   eval  |      0.9482  |     0.9727  |   0.9322  |       0.9403  |              3.8089  |
------------------------------------------------------------------------------------------------------
|      14  |      0  |      1.4287  |     0.7314  |   0.6927  |               |              0.3880  |
|          |      1  |      1.3105  |     0.7920  |   0.7171  |               |              0.7686  |
|          |      2  |      1.2207  |     0.8232  |   0.7722  |               |              1.1491  |
|          |      3  |      1.1934  |     0.8369  |   0.8509  |               |              1.4989  |
|          |      4  |      1.1475  |     0.8662  |   0.8410  |               |              1.8471  |
|          |      5  |      1.0977  |     0.8926  |   0.8596  |               |              2.1982  |
|          |      6  |      1.0586  |     0.9072  |   0.8876  |               |              2.5487  |
|          |      7  |      1.0352  |     0.9238  |   0.9002  |               |              2.8980  |
|          |      8  |      0.9829  |     0.9541  |   0.9194  |               |              3.2477  |
|          |      9  |      0.9443  |     0.9766  |   0.9344  |               |              3.5693  |
|          |   eval  |      0.9443  |     0.9766  |   0.9344  |       0.9403  |              3.7222  |
------------------------------------------------------------------------------------------------------
|      15  |      0  |      1.4551  |     0.7031  |   0.6836  |               |              0.4751  |
|          |      1  |      1.2969  |     0.7842  |   0.6638  |               |              0.8559  |
|          |      2  |      1.2188  |     0.8281  |   0.7394  |               |              1.2355  |
|          |      3  |      1.1611  |     0.8623  |   0.8063  |               |              1.5855  |
|          |      4  |      1.1396  |     0.8516  |   0.8566  |               |              1.9342  |
|          |      5  |      1.1270  |     0.8662  |   0.8564  |               |              2.2841  |
|          |      6  |      1.0615  |     0.9053  |   0.8726  |               |              2.6339  |
|          |      7  |      1.0420  |     0.9170  |   0.9051  |               |              2.9824  |
|          |      8  |      0.9751  |     0.9580  |   0.9175  |               |              3.3331  |
|          |      9  |      0.9497  |     0.9756  |   0.9320  |               |              3.6554  |
|          |   eval  |      0.9497  |     0.9756  |   0.9320  |       0.9381  |              3.8081  |
------------------------------------------------------------------------------------------------------
|      16  |      0  |      1.4541  |     0.7041  |   0.6180  |               |              0.4737  |
|          |      1  |      1.3389  |     0.7646  |   0.7211  |               |              0.8535  |
|          |      2  |      1.2148  |     0.8311  |   0.7944  |               |              1.2335  |
|          |      3  |      1.1729  |     0.8525  |   0.8026  |               |              1.5844  |
|          |      4  |      1.1436  |     0.8740  |   0.8108  |               |              1.9326  |
|          |      5  |      1.1143  |     0.8848  |   0.8488  |               |              2.2815  |
|          |      6  |      1.0693  |     0.9082  |   0.8807  |               |              2.6319  |
|          |      7  |      1.0430  |     0.9141  |   0.8899  |               |              2.9814  |
|          |      8  |      0.9761  |     0.9580  |   0.9200  |               |              3.3305  |
|          |      9  |      0.9600  |     0.9697  |   0.9304  |               |              3.6518  |
|          |   eval  |      0.9600  |     0.9697  |   0.9304  |       0.9394  |              3.8048  |
------------------------------------------------------------------------------------------------------
|      17  |      0  |      1.4375  |     0.7158  |   0.6516  |               |              0.3881  |
|          |      1  |      1.2998  |     0.8008  |   0.7638  |               |              0.7688  |
|          |      2  |      1.2256  |     0.8330  |   0.7961  |               |              1.1482  |
|          |      3  |      1.1699  |     0.8535  |   0.8104  |               |              1.4981  |
|          |      4  |      1.1426  |     0.8535  |   0.8379  |               |              1.8475  |
|          |      5  |      1.1035  |     0.8936  |   0.8647  |               |              2.1966  |
|          |      6  |      1.0742  |     0.8965  |   0.8943  |               |              2.5453  |
|          |      7  |      1.0322  |     0.9229  |   0.8880  |               |              2.8956  |
|          |      8  |      0.9937  |     0.9561  |   0.9191  |               |              3.2448  |
|          |      9  |      0.9556  |     0.9697  |   0.9312  |               |              3.5703  |
|          |   eval  |      0.9556  |     0.9697  |   0.9312  |       0.9403  |              3.7231  |
------------------------------------------------------------------------------------------------------
|      18  |      0  |      1.4473  |     0.6855  |   0.6705  |               |              0.4740  |
|          |      1  |      1.2891  |     0.8018  |   0.7135  |               |              0.8534  |
|          |      2  |      1.2129  |     0.8320  |   0.7354  |               |              1.2336  |
|          |      3  |      1.1523  |     0.8604  |   0.8159  |               |              1.5843  |
|          |      4  |      1.1611  |     0.8545  |   0.8128  |               |              1.9325  |
|          |      5  |      1.0996  |     0.8877  |   0.8627  |               |              2.2813  |
|          |      6  |      1.0547  |     0.9189  |   0.8867  |               |              2.6311  |
|          |      7  |      1.0205  |     0.9385  |   0.9076  |               |              2.9800  |
|          |      8  |      0.9741  |     0.9570  |   0.9245  |               |              3.3291  |
|          |      9  |      0.9399  |     0.9805  |   0.9344  |               |              3.6500  |
|          |   eval  |      0.9399  |     0.9805  |   0.9344  |       0.9392  |              3.8027  |
------------------------------------------------------------------------------------------------------
|      19  |      0  |      1.4541  |     0.7080  |   0.6170  |               |              0.3873  |
|          |      1  |      1.3008  |     0.7939  |   0.7777  |               |              0.7686  |
|          |      2  |      1.2080  |     0.8418  |   0.7897  |               |              1.1482  |
|          |      3  |      1.1758  |     0.8506  |   0.7302  |               |              1.4978  |
|          |      4  |      1.1602  |     0.8613  |   0.8429  |               |              1.8476  |
|          |      5  |      1.0967  |     0.8848  |   0.8510  |               |              2.1971  |
|          |      6  |      1.0654  |     0.8984  |   0.8914  |               |              2.5456  |
|          |      7  |      1.0225  |     0.9375  |   0.9016  |               |              2.8955  |
|          |      8  |      0.9756  |     0.9600  |   0.9235  |               |              3.2458  |
|          |      9  |      0.9478  |     0.9717  |   0.9324  |               |              3.5670  |
|          |   eval  |      0.9478  |     0.9717  |   0.9324  |       0.9401  |              3.7198  |
------------------------------------------------------------------------------------------------------
|      20  |      0  |      1.4902  |     0.6807  |   0.5798  |               |              0.4742  |
|          |      1  |      1.3105  |     0.7734  |   0.7084  |               |              0.8536  |
|          |      2  |      1.1914  |     0.8418  |   0.7878  |               |              1.2335  |
|          |      3  |      1.1855  |     0.8486  |   0.7865  |               |              1.5819  |
|          |      4  |      1.1367  |     0.8691  |   0.7965  |               |              1.9311  |
|          |      5  |      1.0615  |     0.9102  |   0.8400  |               |              2.2810  |
|          |      6  |      1.0332  |     0.9297  |   0.8926  |               |              2.6296  |
|          |      7  |      1.0449  |     0.9199  |   0.9013  |               |              2.9796  |
|          |      8  |      0.9683  |     0.9648  |   0.9190  |               |              3.3290  |
|          |      9  |      0.9473  |     0.9668  |   0.9300  |               |              3.6499  |
|          |   eval  |      0.9473  |     0.9668  |   0.9300  |       0.9391  |              3.8032  |
------------------------------------------------------------------------------------------------------
|      21  |      0  |      1.4736  |     0.7021  |   0.6967  |               |              0.3868  |
|          |      1  |      1.3398  |     0.7598  |   0.6553  |               |              0.7660  |
|          |      2  |      1.2061  |     0.8369  |   0.7103  |               |              1.1457  |
|          |      3  |      1.1641  |     0.8711  |   0.8252  |               |              1.4958  |
|          |      4  |      1.1543  |     0.8594  |   0.8534  |               |              1.8446  |
|          |      5  |      1.0986  |     0.8828  |   0.8529  |               |              2.1939  |
|          |      6  |      1.0625  |     0.9033  |   0.8602  |               |              2.5427  |
|          |      7  |      1.0332  |     0.9277  |   0.9044  |               |              2.8916  |
|          |      8  |      0.9785  |     0.9521  |   0.9228  |               |              3.2414  |
|          |      9  |      0.9404  |     0.9834  |   0.9335  |               |              3.5634  |
|          |   eval  |      0.9404  |     0.9834  |   0.9335  |       0.9398  |              3.7159  |
------------------------------------------------------------------------------------------------------
|      22  |      0  |      1.4404  |     0.7119  |   0.6451  |               |              0.3879  |
|          |      1  |      1.2754  |     0.8174  |   0.7626  |               |              0.7684  |
|          |      2  |      1.2178  |     0.8379  |   0.7873  |               |              1.1479  |
|          |      3  |      1.1836  |     0.8486  |   0.8102  |               |              1.4989  |
|          |      4  |      1.1289  |     0.8711  |   0.8377  |               |              1.8481  |
|          |      5  |      1.0928  |     0.8984  |   0.8751  |               |              2.1974  |
|          |      6  |      1.0488  |     0.9219  |   0.8898  |               |              2.5471  |
|          |      7  |      1.0293  |     0.9287  |   0.8891  |               |              2.8965  |
|          |      8  |      0.9658  |     0.9697  |   0.9269  |               |              3.2462  |
|          |      9  |      0.9385  |     0.9834  |   0.9329  |               |              3.5674  |
|          |   eval  |      0.9385  |     0.9834  |   0.9329  |       0.9392  |              3.7200  |
------------------------------------------------------------------------------------------------------
|      23  |      0  |      1.4805  |     0.6855  |   0.6873  |               |              0.4744  |
|          |      1  |      1.2803  |     0.7910  |   0.7517  |               |              0.8551  |
|          |      2  |      1.1924  |     0.8467  |   0.8072  |               |              1.2343  |
|          |      3  |      1.1719  |     0.8613  |   0.7728  |               |              1.5838  |
|          |      4  |      1.1279  |     0.8838  |   0.8664  |               |              1.9342  |
|          |      5  |      1.0967  |     0.8828  |   0.8638  |               |              2.2825  |
|          |      6  |      1.0459  |     0.9150  |   0.8867  |               |              2.6318  |
|          |      7  |      1.0400  |     0.9199  |   0.8977  |               |              2.9811  |
|          |      8  |      0.9712  |     0.9600  |   0.9274  |               |              3.3306  |
|          |      9  |      0.9502  |     0.9746  |   0.9318  |               |              3.6528  |
|          |   eval  |      0.9502  |     0.9746  |   0.9318  |       0.9397  |              3.8058  |
------------------------------------------------------------------------------------------------------
|      24  |      0  |      1.4590  |     0.6904  |   0.5460  |               |              0.4780  |
|          |      1  |      1.2676  |     0.8086  |   0.7054  |               |              0.8587  |
|          |      2  |      1.2354  |     0.8193  |   0.4125  |               |              1.2388  |
|          |      3  |      1.1846  |     0.8486  |   0.8156  |               |              1.5881  |
|          |      4  |      1.1191  |     0.8828  |   0.8520  |               |              1.9372  |
|          |      5  |      1.1016  |     0.8818  |   0.8619  |               |              2.2865  |
|          |      6  |      1.0459  |     0.9180  |   0.8908  |               |              2.6357  |
|          |      7  |      1.0283  |     0.9219  |   0.8985  |               |              2.9854  |
|          |      8  |      0.9780  |     0.9570  |   0.9260  |               |              3.3354  |
|          |      9  |      0.9497  |     0.9697  |   0.9344  |               |              3.6562  |
|          |   eval  |      0.9497  |     0.9697  |   0.9344  |       0.9423  |              3.8090  |
------------------------------------------------------------------------------------------------------
Mean: 0.9398    Std: 0.0012
/workspace/ese5060/ese-3060-project/logs/9c567161-75a8-4695-a7d8-f8af755e435c/log.pt
